2025-11-19 14:30:16 | INFO | Logger initialized.
2025-11-19 14:30:16 | INFO | === Video Trimming Run Started ===
2025-11-19 14:30:16 | INFO | Input video: /home/booblue/capstone-project/input/figma_tutorial.mp4
2025-11-19 14:30:16 | INFO | Segments file: /home/booblue/capstone-project/segments/segments.json
2025-11-19 14:30:16 | INFO | Starting batch trim: 8 segments
2025-11-19 14:30:16 | INFO | Trimming segment 0 -> 60 → /home/booblue/capstone-project/output/trimmed/vid1.mp4
2025-11-19 14:30:16 | INFO | ✔ Saved: /home/booblue/capstone-project/output/trimmed/vid1.mp4
2025-11-19 14:30:16 | INFO | Progress: 1/8 segments processed (12.5%)
2025-11-19 14:30:16 | INFO | Trimming segment 60 -> 120 → /home/booblue/capstone-project/output/trimmed/vid2.mp4
2025-11-19 14:30:16 | INFO | ✔ Saved: /home/booblue/capstone-project/output/trimmed/vid2.mp4
2025-11-19 14:30:16 | INFO | Progress: 2/8 segments processed (25.0%)
2025-11-19 14:30:16 | INFO | Trimming segment 120 -> 180 → /home/booblue/capstone-project/output/trimmed/vid3.mp4
2025-11-19 14:30:16 | INFO | ✔ Saved: /home/booblue/capstone-project/output/trimmed/vid3.mp4
2025-11-19 14:30:16 | INFO | Progress: 3/8 segments processed (37.5%)
2025-11-19 14:30:16 | INFO | Trimming segment 180 -> 240 → /home/booblue/capstone-project/output/trimmed/vid4.mp4
2025-11-19 14:30:16 | INFO | ✔ Saved: /home/booblue/capstone-project/output/trimmed/vid4.mp4
2025-11-19 14:30:16 | INFO | Progress: 4/8 segments processed (50.0%)
2025-11-19 14:30:16 | INFO | Trimming segment 240 -> 300 → /home/booblue/capstone-project/output/trimmed/vid5.mp4
2025-11-19 14:30:16 | INFO | ✔ Saved: /home/booblue/capstone-project/output/trimmed/vid5.mp4
2025-11-19 14:30:16 | INFO | Progress: 5/8 segments processed (62.5%)
2025-11-19 14:30:16 | INFO | Trimming segment 300 -> 360 → /home/booblue/capstone-project/output/trimmed/vid6.mp4
2025-11-19 14:30:16 | INFO | ✔ Saved: /home/booblue/capstone-project/output/trimmed/vid6.mp4
2025-11-19 14:30:16 | INFO | Progress: 6/8 segments processed (75.0%)
2025-11-19 14:30:16 | INFO | Trimming segment 360 -> 420 → /home/booblue/capstone-project/output/trimmed/vid7.mp4
2025-11-19 14:30:16 | INFO | ✔ Saved: /home/booblue/capstone-project/output/trimmed/vid7.mp4
2025-11-19 14:30:16 | INFO | Progress: 7/8 segments processed (87.5%)
2025-11-19 14:30:16 | INFO | Trimming segment 420 -> 480 → /home/booblue/capstone-project/output/trimmed/vid8.mp4
2025-11-19 14:30:16 | INFO | ✔ Saved: /home/booblue/capstone-project/output/trimmed/vid8.mp4
2025-11-19 14:30:16 | INFO | Progress: 8/8 segments processed (100.0%)
2025-11-19 14:30:16 | INFO | === Video Trimming Run Finished ===
2025-11-19 14:30:16 | INFO | Final progress: 8/8 segments processed (100.0%)
2025-11-19 14:30:16 | INFO | Log file saved at: /home/booblue/capstone-project/output/logs/run_2025-11-19_14-30-16.log
